Using pre-set license
Built from '2020.3/staging' branch; Version is '2020.3.25f1 (9b9180224418) revision 10195328'; Using compiler version '192528614'; Build Type 'Release'
OS: 'Windows 11  (10.0.22000) 64bit Professional' Language: 'en' Physical Memory: 16305 MB
BatchMode: 1, IsHumanControllingUs: 0, StartBugReporterOnCrash: 0, Is64bit: 1, IsPro: 0

COMMAND LINE ARGUMENTS:
C:\Program Files\Unity\Editor\2020.3.25f1\Editor\Unity.exe
-adb2
-batchMode
-noUpm
-name
AssetImportWorker0
-projectPath
C:/Users/natha/Documents/GitHub/ConquestPreDev/Conquest-PreDev
-logFile
Logs/AssetImportWorker0.log
-srvPort
65480
Successfully changed project path to: C:/Users/natha/Documents/GitHub/ConquestPreDev/Conquest-PreDev
C:/Users/natha/Documents/GitHub/ConquestPreDev/Conquest-PreDev
Using Asset Import Pipeline V2.
Refreshing native plugins compatible for Editor in 140.57 ms, found 2 plugins.
Preloading 0 native plugins for Editor in 0.00 ms.
Initialize engine version: 2020.3.25f1 (9b9180224418)
[Subsystems] Discovering subsystems at path C:/Program Files/Unity/Editor/2020.3.25f1/Editor/Data/Resources/UnitySubsystems
[Subsystems] Discovering subsystems at path C:/Users/natha/Documents/GitHub/ConquestPreDev/Conquest-PreDev/Assets
GfxDevice: creating device client; threaded=0
Direct3D:
    Version:  Direct3D 11.0 [level 11.1]
    Renderer: NVIDIA GeForce GTX 1070 (ID=0x1b81)
    Vendor:   
    VRAM:     8088 MB
    Driver:   30.0.14.9729
Initialize mono
Mono path[0] = 'C:/Program Files/Unity/Editor/2020.3.25f1/Editor/Data/Managed'
Mono path[1] = 'C:/Program Files/Unity/Editor/2020.3.25f1/Editor/Data/MonoBleedingEdge/lib/mono/unityjit'
Mono config path = 'C:/Program Files/Unity/Editor/2020.3.25f1/Editor/Data/MonoBleedingEdge/etc'
Using monoOptions --debugger-agent=transport=dt_socket,embedding=1,server=y,suspend=n,address=127.0.0.1:56232
Begin MonoManager ReloadAssembly
Registering precompiled unity dll's ...
Register platform support module: C:/Program Files/Unity/Editor/2020.3.25f1/Editor/Data/PlaybackEngines/WebGLSupport/UnityEditor.WebGL.Extensions.dll
Register platform support module: C:/Program Files/Unity/Editor/2020.3.25f1/Editor/Data/PlaybackEngines/WindowsStandaloneSupport/UnityEditor.WindowsStandalone.Extensions.dll
Registered in 0.002975 seconds.
Native extension for WindowsStandalone target not found
Native extension for WebGL target not found
Refreshing native plugins compatible for Editor in 141.56 ms, found 2 plugins.
Preloading 0 native plugins for Editor in 0.00 ms.
Mono: successfully reloaded assembly
- Completed reload, in  0.814 seconds
Domain Reload Profiling:
	ReloadAssembly (814ms)
		BeginReloadAssembly (65ms)
			ExecutionOrderSort (0ms)
			DisableScriptedObjects (0ms)
			BackupInstance (0ms)
			ReleaseScriptingObjects (0ms)
			CreateAndSetChildDomain (1ms)
		EndReloadAssembly (656ms)
			LoadAssemblies (63ms)
			RebuildTransferFunctionScriptingTraits (0ms)
			SetupTypeCache (184ms)
			ReleaseScriptCaches (0ms)
			RebuildScriptCaches (34ms)
			SetupLoadedEditorAssemblies (308ms)
				LogAssemblyErrors (0ms)
				InitializePlatformSupportModulesInManaged (6ms)
				SetLoadedEditorAssemblies (0ms)
				RefreshPlugins (142ms)
				BeforeProcessingInitializeOnLoad (23ms)
				ProcessInitializeOnLoadAttributes (104ms)
				ProcessInitializeOnLoadMethodAttributes (33ms)
				AfterProcessingInitializeOnLoad (0ms)
				EditorAssembliesLoaded (0ms)
			ExecutionOrderSort2 (0ms)
			AwakeInstancesAfterBackupRestoration (0ms)
Platform modules already initialized, skipping
Registering precompiled user dll's ...
Registered in 0.008393 seconds.
Begin MonoManager ReloadAssembly
Native extension for WindowsStandalone target not found
Native extension for WebGL target not found
Refreshing native plugins compatible for Editor in 154.45 ms, found 2 plugins.
Preloading 0 native plugins for Editor in 0.00 ms.
Mono: successfully reloaded assembly
- Completed reload, in  2.117 seconds
Domain Reload Profiling:
	ReloadAssembly (2118ms)
		BeginReloadAssembly (174ms)
			ExecutionOrderSort (0ms)
			DisableScriptedObjects (6ms)
			BackupInstance (0ms)
			ReleaseScriptingObjects (0ms)
			CreateAndSetChildDomain (22ms)
		EndReloadAssembly (1861ms)
			LoadAssemblies (118ms)
			RebuildTransferFunctionScriptingTraits (0ms)
			SetupTypeCache (500ms)
			ReleaseScriptCaches (1ms)
			RebuildScriptCaches (124ms)
			SetupLoadedEditorAssemblies (942ms)
				LogAssemblyErrors (0ms)
				InitializePlatformSupportModulesInManaged (6ms)
				SetLoadedEditorAssemblies (0ms)
				RefreshPlugins (155ms)
				BeforeProcessingInitializeOnLoad (141ms)
				ProcessInitializeOnLoadAttributes (410ms)
				ProcessInitializeOnLoadMethodAttributes (222ms)
				AfterProcessingInitializeOnLoad (8ms)
				EditorAssembliesLoaded (0ms)
			ExecutionOrderSort2 (0ms)
			AwakeInstancesAfterBackupRestoration (8ms)
Platform modules already initialized, skipping
========================================================================
Worker process is ready to serve import requests
Launched and connected shader compiler UnityShaderCompiler.exe after 0.07 seconds
Refreshing native plugins compatible for Editor in 2.03 ms, found 2 plugins.
Preloading 0 native plugins for Editor in 0.00 ms.
Unloading 4689 Unused Serialized files (Serialized files now loaded: 0)
System memory in use before: 209.7 MB.
System memory in use after: 209.9 MB.

Unloading 26 unused Assets to reduce memory usage. Loaded Objects now: 5245.
Total: 7.913300 ms (FindLiveObjects: 0.544100 ms CreateObjectMapping: 0.277000 ms MarkObjects: 6.994800 ms  DeleteObjects: 0.095400 ms)

AssetImportParameters requested are different than current active one (requested -> active):
  custom:framework-win-MediaFoundation: 216162199b28c13a410421893ffa2e32 -> 
  custom:video-decoder-ogg-theora: a1e56fd34408186e4bbccfd4996cb3dc -> 
  custom:container-muxer-webm: aa71ff27fc2769a1b78a27578f13a17b -> 
  custom:container-demuxer-webm: 4f35f7cbe854078d1ac9338744f61a02 -> 
  custom:container-demuxer-ogg: 62fdf1f143b41e24485cea50d1cbac27 -> 
  custom:video-encoder-webm-vp8: eb34c28f22e8b96e1ab97ce403110664 -> 
  custom:video-codec-MediaFoundation-h265: 746d11721c4dcdbdad8f713fa42b33f4 -> 
  custom:video-decoder-webm-vp8: 9c59270c3fd7afecdb556c50c9e8de78 -> 
  custom:audio-decoder-ogg-vorbis: bf7c407c2cedff20999df2af8eb42d56 -> 
  custom:audio-encoder-webm-vorbis: bf7c407c2cedff20999df2af8eb42d56 -> 
========================================================================
Received Import Request.
  path: Assets/Scenes/SampleScene.unity
  artifactKey: Guid(3db1837cc97a95e4c98610966fac2b0b) Importer(815301076,1909f56bfc062723c751e8b465ee728b)
Start importing Assets/Scenes/SampleScene.unity using Guid(3db1837cc97a95e4c98610966fac2b0b) Importer(815301076,1909f56bfc062723c751e8b465ee728b)  -> (artifact id: '11cbd8d89f3128468633c7b3c93cef58') in 0.040226 seconds 
  Import took 0.051194 seconds .

========================================================================
Received Import Request.
  Time since last request: 7.706537 seconds.
  path: Assets/Scenes/SampleScene
  artifactKey: Guid(6a5ab7f14dc90e245a38a8d287014804) Importer(815301076,1909f56bfc062723c751e8b465ee728b)
Start importing Assets/Scenes/SampleScene using Guid(6a5ab7f14dc90e245a38a8d287014804) Importer(815301076,1909f56bfc062723c751e8b465ee728b)  -> (artifact id: '1556a24f20a23705beaa1e0b0c965e55') in 0.011222 seconds 
  Import took 0.018935 seconds .

========================================================================
Received Import Request.
  Time since last request: 0.041749 seconds.
  path: Assets/Scenes/SampleScene/LightingData.asset
  artifactKey: Guid(c9672d4b9a662004a9bf0d3f330e6b36) Importer(815301076,1909f56bfc062723c751e8b465ee728b)
Start importing Assets/Scenes/SampleScene/LightingData.asset using Guid(c9672d4b9a662004a9bf0d3f330e6b36) Importer(815301076,1909f56bfc062723c751e8b465ee728b)  -> (artifact id: '995bb623ab1e116d7792ea0a725852ae') in 0.040055 seconds 
  Import took 0.048014 seconds .

========================================================================
Received Import Request.
  Time since last request: 0.000264 seconds.
  path: Assets/Scenes/SampleScene/ReflectionProbe-13.exr
  artifactKey: Guid(5b4b9c42474fea44ea71f98dbbbf883a) Importer(815301076,1909f56bfc062723c751e8b465ee728b)
Start importing Assets/Scenes/SampleScene/ReflectionProbe-13.exr using Guid(5b4b9c42474fea44ea71f98dbbbf883a) Importer(815301076,1909f56bfc062723c751e8b465ee728b)  -> (artifact id: 'ab0e24d52e6da786c01fbe189881ba41') in 0.158031 seconds 
  Import took 0.165762 seconds .

========================================================================
Received Import Request.
  Time since last request: 0.000195 seconds.
  path: Assets/Scenes/SampleScene/ReflectionProbe-11.exr
  artifactKey: Guid(1b5727504ffe4b247b09ed4502ffc116) Importer(815301076,1909f56bfc062723c751e8b465ee728b)
Start importing Assets/Scenes/SampleScene/ReflectionProbe-11.exr using Guid(1b5727504ffe4b247b09ed4502ffc116) Importer(815301076,1909f56bfc062723c751e8b465ee728b)  -> (artifact id: 'c9a11b38e75a93184b18329e8b4c8321') in 0.054576 seconds 
  Import took 0.062092 seconds .

========================================================================
Received Import Request.
  Time since last request: 0.000195 seconds.
  path: Assets/Scenes/SampleScene/ReflectionProbe-7.exr
  artifactKey: Guid(db9a1847f2c6ae34c9ec4947ce906bc9) Importer(815301076,1909f56bfc062723c751e8b465ee728b)
Start importing Assets/Scenes/SampleScene/ReflectionProbe-7.exr using Guid(db9a1847f2c6ae34c9ec4947ce906bc9) Importer(815301076,1909f56bfc062723c751e8b465ee728b)  -> (artifact id: '6cb502a217f72578d96aaca4c9b2c260') in 0.055660 seconds 
  Import took 0.065789 seconds .

========================================================================
Received Import Request.
  Time since last request: 0.000203 seconds.
  path: Assets/Scenes/SampleScene/Lightmap-2_comp_dir.png
  artifactKey: Guid(d0e945dd6a89edd408f301b839717f0a) Importer(815301076,1909f56bfc062723c751e8b465ee728b)
Start importing Assets/Scenes/SampleScene/Lightmap-2_comp_dir.png using Guid(d0e945dd6a89edd408f301b839717f0a) Importer(815301076,1909f56bfc062723c751e8b465ee728b)  -> (artifact id: '4bd9d7bd4e219f8a0c56772490128163') in 0.071254 seconds 
  Import took 0.079121 seconds .

========================================================================
Received Import Request.
  Time since last request: 0.000184 seconds.
  path: Assets/Scenes/SampleScene/ReflectionProbe-5.exr
  artifactKey: Guid(84decc14d3cf01c45ad713670f164cb6) Importer(815301076,1909f56bfc062723c751e8b465ee728b)
Start importing Assets/Scenes/SampleScene/ReflectionProbe-5.exr using Guid(84decc14d3cf01c45ad713670f164cb6) Importer(815301076,1909f56bfc062723c751e8b465ee728b)  -> (artifact id: '2620266f8002d60d04e40a8947c835de') in 0.053388 seconds 
  Import took 0.061143 seconds .

========================================================================
Received Import Request.
  Time since last request: 0.000236 seconds.
  path: Assets/Scenes/SampleScene/ReflectionProbe-17.exr
  artifactKey: Guid(dbcc65bcafce7e043ac894a6ee6114a2) Importer(815301076,1909f56bfc062723c751e8b465ee728b)
Start importing Assets/Scenes/SampleScene/ReflectionProbe-17.exr using Guid(dbcc65bcafce7e043ac894a6ee6114a2) Importer(815301076,1909f56bfc062723c751e8b465ee728b)  -> (artifact id: 'a7ea7917f4ad2b308d883c05adac18f1') in 0.055044 seconds 
  Import took 0.062995 seconds .

========================================================================
Received Import Request.
  Time since last request: 0.000182 seconds.
  path: Assets/Scenes/SampleScene/ReflectionProbe-15.exr
  artifactKey: Guid(d618aadf2e4bb7f4980187df5bb35a33) Importer(815301076,1909f56bfc062723c751e8b465ee728b)
Start importing Assets/Scenes/SampleScene/ReflectionProbe-15.exr using Guid(d618aadf2e4bb7f4980187df5bb35a33) Importer(815301076,1909f56bfc062723c751e8b465ee728b)  -> (artifact id: 'eca23082423089c1fb0dcb85cda38834') in 0.059912 seconds 
  Import took 0.067828 seconds .

========================================================================
Received Import Request.
  Time since last request: 0.000222 seconds.
  path: Assets/Scenes/SampleScene/ReflectionProbe-1.exr
  artifactKey: Guid(c3c78b54f15d2fa4cb5ce7168bfcd968) Importer(815301076,1909f56bfc062723c751e8b465ee728b)
Start importing Assets/Scenes/SampleScene/ReflectionProbe-1.exr using Guid(c3c78b54f15d2fa4cb5ce7168bfcd968) Importer(815301076,1909f56bfc062723c751e8b465ee728b)  -> (artifact id: 'ba34840268d45aff57f7664fb420e6c0') in 0.057031 seconds 
  Import took 0.065052 seconds .

========================================================================
Received Import Request.
  Time since last request: 0.000239 seconds.
  path: Assets/Scenes/SampleScene/ReflectionProbe-10.exr
  artifactKey: Guid(0b0c990f63a874c4fbeadb86375b8fc8) Importer(815301076,1909f56bfc062723c751e8b465ee728b)
Start importing Assets/Scenes/SampleScene/ReflectionProbe-10.exr using Guid(0b0c990f63a874c4fbeadb86375b8fc8) Importer(815301076,1909f56bfc062723c751e8b465ee728b)  -> (artifact id: '0155aa4f6e293f976816d83e9cf24858') in 0.058119 seconds 
  Import took 0.066429 seconds .

========================================================================
Received Import Request.
  Time since last request: 0.000184 seconds.
  path: Assets/Scenes/SampleScene/ReflectionProbe-14.exr
  artifactKey: Guid(ca4b1069cf1d52643a18ad7e7c7d0397) Importer(815301076,1909f56bfc062723c751e8b465ee728b)
Start importing Assets/Scenes/SampleScene/ReflectionProbe-14.exr using Guid(ca4b1069cf1d52643a18ad7e7c7d0397) Importer(815301076,1909f56bfc062723c751e8b465ee728b)  -> (artifact id: '64c295cd62f42cca3f7be5d683430dec') in 0.054884 seconds 
  Import took 0.062578 seconds .

========================================================================
Received Import Request.
  Time since last request: 0.000181 seconds.
  path: Assets/Scenes/SampleScene/ReflectionProbe-4.exr
  artifactKey: Guid(a4fc011afaed10c45914eeba07d87322) Importer(815301076,1909f56bfc062723c751e8b465ee728b)
Start importing Assets/Scenes/SampleScene/ReflectionProbe-4.exr using Guid(a4fc011afaed10c45914eeba07d87322) Importer(815301076,1909f56bfc062723c751e8b465ee728b)  -> (artifact id: 'bc4566b34fc9ed7cabdb4246ddf4bc27') in 0.053453 seconds 
  Import took 0.061095 seconds .

========================================================================
Received Import Request.
  Time since last request: 0.000237 seconds.
  path: Assets/Scenes/SampleScene/Lightmap-6_comp_light.exr
  artifactKey: Guid(aff1b928f2ba59646843323bbb7019c0) Importer(815301076,1909f56bfc062723c751e8b465ee728b)
Start importing Assets/Scenes/SampleScene/Lightmap-6_comp_light.exr using Guid(aff1b928f2ba59646843323bbb7019c0) Importer(815301076,1909f56bfc062723c751e8b465ee728b)  -> (artifact id: '34e0ad72223bdfc07c0ec6143ed5ff3b') in 0.026850 seconds 
  Import took 0.034724 seconds .

========================================================================
Received Import Request.
  Time since last request: 0.000238 seconds.
  path: Assets/Scenes/SampleScene/ReflectionProbe-0.exr
  artifactKey: Guid(db58c93c38fdd1c4cb45888d582f7a18) Importer(815301076,1909f56bfc062723c751e8b465ee728b)
Start importing Assets/Scenes/SampleScene/ReflectionProbe-0.exr using Guid(db58c93c38fdd1c4cb45888d582f7a18) Importer(815301076,1909f56bfc062723c751e8b465ee728b)  -> (artifact id: 'ab98e537b83dad19a84dac4b7b5cb176') in 0.065923 seconds 
  Import took 0.073930 seconds .

========================================================================
Received Import Request.
  Time since last request: 0.000270 seconds.
  path: Assets/Scenes/SampleScene/Lightmap-4_comp_dir.png
  artifactKey: Guid(5f42fa2a722ac20489856b05039dee64) Importer(815301076,1909f56bfc062723c751e8b465ee728b)
Start importing Assets/Scenes/SampleScene/Lightmap-4_comp_dir.png using Guid(5f42fa2a722ac20489856b05039dee64) Importer(815301076,1909f56bfc062723c751e8b465ee728b)  -> (artifact id: 'c8c2ca9fe1ba3ad16e56f698ca973490') in 0.019242 seconds 
  Import took 0.027197 seconds .

========================================================================
Received Import Request.
  Time since last request: 0.000342 seconds.
  path: Assets/Scenes/SampleScene/ReflectionProbe-16.exr
  artifactKey: Guid(88fccc25d08980c48afb6996a4818e81) Importer(815301076,1909f56bfc062723c751e8b465ee728b)
Start importing Assets/Scenes/SampleScene/ReflectionProbe-16.exr using Guid(88fccc25d08980c48afb6996a4818e81) Importer(815301076,1909f56bfc062723c751e8b465ee728b)  -> (artifact id: '271ae82a98ae07770f4ca7cf9129aac5') in 0.054935 seconds 
  Import took 0.063281 seconds .

========================================================================
Received Import Request.
  Time since last request: 0.000252 seconds.
  path: Assets/Scenes/SampleScene/Lightmap-1_comp_light.exr
  artifactKey: Guid(d65881cd9a18b2d468ffa8cd3872247c) Importer(815301076,1909f56bfc062723c751e8b465ee728b)
Start importing Assets/Scenes/SampleScene/Lightmap-1_comp_light.exr using Guid(d65881cd9a18b2d468ffa8cd3872247c) Importer(815301076,1909f56bfc062723c751e8b465ee728b)  -> (artifact id: 'c5248e56d47f696653afff9d8e0f3e5d') in 0.022392 seconds 
  Import took 0.030332 seconds .

========================================================================
Received Import Request.
  Time since last request: 0.000206 seconds.
  path: Assets/Scenes/SampleScene/Lightmap-3_comp_dir.png
  artifactKey: Guid(1303668a41ce5dc48b7bf699c4148df2) Importer(815301076,1909f56bfc062723c751e8b465ee728b)
Start importing Assets/Scenes/SampleScene/Lightmap-3_comp_dir.png using Guid(1303668a41ce5dc48b7bf699c4148df2) Importer(815301076,1909f56bfc062723c751e8b465ee728b)  -> (artifact id: 'ad9af0ec6332cd8f2e556f35f0439234') in 0.018981 seconds 
  Import took 0.027528 seconds .

========================================================================
Received Import Request.
  Time since last request: 0.000190 seconds.
  path: Assets/Scenes/SampleScene/Lightmap-6_comp_dir.png
  artifactKey: Guid(a5228ee1051068b4f9e5fae8b301a8e4) Importer(815301076,1909f56bfc062723c751e8b465ee728b)
Start importing Assets/Scenes/SampleScene/Lightmap-6_comp_dir.png using Guid(a5228ee1051068b4f9e5fae8b301a8e4) Importer(815301076,1909f56bfc062723c751e8b465ee728b)  -> (artifact id: '48f37857f66cebbe99ebd31275204d0a') in 0.019189 seconds 
  Import took 0.027179 seconds .

========================================================================
Received Import Request.
  Time since last request: 0.000211 seconds.
  path: Assets/Scenes/SampleScene/Lightmap-1_comp_dir.png
  artifactKey: Guid(c78a7ef4ffd053e45986df6776d18a37) Importer(815301076,1909f56bfc062723c751e8b465ee728b)
Start importing Assets/Scenes/SampleScene/Lightmap-1_comp_dir.png using Guid(c78a7ef4ffd053e45986df6776d18a37) Importer(815301076,1909f56bfc062723c751e8b465ee728b)  -> (artifact id: '43663d01e495a5904c8623735e4dea42') in 0.020836 seconds 
  Import took 0.028418 seconds .

========================================================================
Received Import Request.
  Time since last request: 0.000218 seconds.
  path: Assets/Scenes/SampleScene/Lightmap-5_comp_light.exr
  artifactKey: Guid(e573b21707060b24db27d4ae41235d98) Importer(815301076,1909f56bfc062723c751e8b465ee728b)
Start importing Assets/Scenes/SampleScene/Lightmap-5_comp_light.exr using Guid(e573b21707060b24db27d4ae41235d98) Importer(815301076,1909f56bfc062723c751e8b465ee728b)  -> (artifact id: '2546156beb5ec7815f8c101a45b44303') in 0.021974 seconds 
  Import took 0.029982 seconds .

========================================================================
Received Import Request.
  Time since last request: 0.000189 seconds.
  path: Assets/Scenes/SampleScene/ReflectionProbe-6.exr
  artifactKey: Guid(bcc5d397b6334c64dab068d6bb859803) Importer(815301076,1909f56bfc062723c751e8b465ee728b)
Start importing Assets/Scenes/SampleScene/ReflectionProbe-6.exr using Guid(bcc5d397b6334c64dab068d6bb859803) Importer(815301076,1909f56bfc062723c751e8b465ee728b)  -> (artifact id: 'a4fb2d01cf86362f0f2f7e49896ea896') in 0.052037 seconds 
  Import took 0.059989 seconds .

========================================================================
Received Import Request.
  Time since last request: 0.000212 seconds.
  path: Assets/Scenes/SampleScene/Lightmap-4_comp_light.exr
  artifactKey: Guid(1a271bbc6f1485d4bad5874ca8455069) Importer(815301076,1909f56bfc062723c751e8b465ee728b)
Start importing Assets/Scenes/SampleScene/Lightmap-4_comp_light.exr using Guid(1a271bbc6f1485d4bad5874ca8455069) Importer(815301076,1909f56bfc062723c751e8b465ee728b)  -> (artifact id: '7372b41749c3b43545cd9941398301e8') in 0.017690 seconds 
  Import took 0.025674 seconds .

========================================================================
Received Import Request.
  Time since last request: 0.000255 seconds.
  path: Assets/Scenes/SampleScene/ReflectionProbe-12.exr
  artifactKey: Guid(8481e7bae45102c41afa57230dceda46) Importer(815301076,1909f56bfc062723c751e8b465ee728b)
Start importing Assets/Scenes/SampleScene/ReflectionProbe-12.exr using Guid(8481e7bae45102c41afa57230dceda46) Importer(815301076,1909f56bfc062723c751e8b465ee728b)  -> (artifact id: '49206b03fc9fb46e4b7c815ba5167894') in 0.056397 seconds 
  Import took 0.064547 seconds .

========================================================================
Received Import Request.
  Time since last request: 0.000201 seconds.
  path: Assets/Scenes/SampleScene/Lightmap-5_comp_dir.png
  artifactKey: Guid(12958dd54f1b2f140b49115d3f5e2c81) Importer(815301076,1909f56bfc062723c751e8b465ee728b)
Start importing Assets/Scenes/SampleScene/Lightmap-5_comp_dir.png using Guid(12958dd54f1b2f140b49115d3f5e2c81) Importer(815301076,1909f56bfc062723c751e8b465ee728b)  -> (artifact id: '78b31ce319154e0faa349f670a0405ff') in 0.018986 seconds 
  Import took 0.027207 seconds .

========================================================================
Received Import Request.
  Time since last request: 0.000218 seconds.
  path: Assets/Scenes/SampleScene/ReflectionProbe-8.exr
  artifactKey: Guid(7f20f555bfbdcaa46a2cc1e0075120a5) Importer(815301076,1909f56bfc062723c751e8b465ee728b)
Start importing Assets/Scenes/SampleScene/ReflectionProbe-8.exr using Guid(7f20f555bfbdcaa46a2cc1e0075120a5) Importer(815301076,1909f56bfc062723c751e8b465ee728b)  -> (artifact id: 'c8a484282e0fc9c6c2b0b7305451d20d') in 0.059240 seconds 
  Import took 0.067170 seconds .

========================================================================
Received Import Request.
  Time since last request: 0.000198 seconds.
  path: Assets/Scenes/SampleScene/Lightmap-0_comp_dir.png
  artifactKey: Guid(e79ebf6f6991fea40acf25281ea394e1) Importer(815301076,1909f56bfc062723c751e8b465ee728b)
Start importing Assets/Scenes/SampleScene/Lightmap-0_comp_dir.png using Guid(e79ebf6f6991fea40acf25281ea394e1) Importer(815301076,1909f56bfc062723c751e8b465ee728b)  -> (artifact id: '06d8da15dfbe8904a9cfd69c0282bb8f') in 0.018426 seconds 
  Import took 0.026236 seconds .

========================================================================
Received Import Request.
  Time since last request: 0.000203 seconds.
  path: Assets/Scenes/SampleScene/Lightmap-0_comp_light.exr
  artifactKey: Guid(4bdbbe899c5dc0e4a89ae2694443559e) Importer(815301076,1909f56bfc062723c751e8b465ee728b)
Start importing Assets/Scenes/SampleScene/Lightmap-0_comp_light.exr using Guid(4bdbbe899c5dc0e4a89ae2694443559e) Importer(815301076,1909f56bfc062723c751e8b465ee728b)  -> (artifact id: '467b90eba8274706d33c7274368342f2') in 0.019619 seconds 
  Import took 0.027975 seconds .

========================================================================
Received Import Request.
  Time since last request: 0.000227 seconds.
  path: Assets/Scenes/SampleScene/Lightmap-2_comp_light.exr
  artifactKey: Guid(d9af58f1eb18cb041a4746c89ce3eefc) Importer(815301076,1909f56bfc062723c751e8b465ee728b)
Start importing Assets/Scenes/SampleScene/Lightmap-2_comp_light.exr using Guid(d9af58f1eb18cb041a4746c89ce3eefc) Importer(815301076,1909f56bfc062723c751e8b465ee728b)  -> (artifact id: '103dd2e5e351c6a668e4526209d7dca8') in 0.018526 seconds 
  Import took 0.026656 seconds .

========================================================================
Received Import Request.
  Time since last request: 0.000178 seconds.
  path: Assets/Scenes/SampleScene/ReflectionProbe-2.exr
  artifactKey: Guid(905a1f2fe6a20fe4d8acced09169fea6) Importer(815301076,1909f56bfc062723c751e8b465ee728b)
Start importing Assets/Scenes/SampleScene/ReflectionProbe-2.exr using Guid(905a1f2fe6a20fe4d8acced09169fea6) Importer(815301076,1909f56bfc062723c751e8b465ee728b)  -> (artifact id: '71fcb02b78688ff97b8d5d819713e6c7') in 0.058568 seconds 
  Import took 0.066325 seconds .

========================================================================
Received Import Request.
  Time since last request: 0.000196 seconds.
  path: Assets/Scenes/SampleScene/ReflectionProbe-3.exr
  artifactKey: Guid(d4035d0729cbed243b8628139d0aa2a3) Importer(815301076,1909f56bfc062723c751e8b465ee728b)
Start importing Assets/Scenes/SampleScene/ReflectionProbe-3.exr using Guid(d4035d0729cbed243b8628139d0aa2a3) Importer(815301076,1909f56bfc062723c751e8b465ee728b)  -> (artifact id: '93d82c4506afca03524f6f987246d99f') in 0.052778 seconds 
  Import took 0.060716 seconds .

========================================================================
Received Import Request.
  Time since last request: 0.000271 seconds.
  path: Assets/Scenes/SampleScene/Lightmap-3_comp_light.exr
  artifactKey: Guid(963c286bbf748a6439786c5cdb5206f2) Importer(815301076,1909f56bfc062723c751e8b465ee728b)
Start importing Assets/Scenes/SampleScene/Lightmap-3_comp_light.exr using Guid(963c286bbf748a6439786c5cdb5206f2) Importer(815301076,1909f56bfc062723c751e8b465ee728b)  -> (artifact id: '6946ff4db7f025ef695b42beae44d967') in 0.021148 seconds 
  Import took 0.029107 seconds .

========================================================================
Received Import Request.
  Time since last request: 0.000249 seconds.
  path: Assets/Scenes/SampleScene/ReflectionProbe-9.exr
  artifactKey: Guid(f0e7f0a8b752e40488ce09f05f1ac2f2) Importer(815301076,1909f56bfc062723c751e8b465ee728b)
Start importing Assets/Scenes/SampleScene/ReflectionProbe-9.exr using Guid(f0e7f0a8b752e40488ce09f05f1ac2f2) Importer(815301076,1909f56bfc062723c751e8b465ee728b)  -> (artifact id: '4b84c74e21ebe4a6a717c6d65137ce87') in 0.056381 seconds 
  Import took 0.065040 seconds .

========================================================================
Received Prepare
Registering precompiled user dll's ...
Registered in 0.008013 seconds.
Begin MonoManager ReloadAssembly
Native extension for WindowsStandalone target not found
Native extension for WebGL target not found
Refreshing native plugins compatible for Editor in 1.31 ms, found 2 plugins.
Preloading 0 native plugins for Editor in 0.00 ms.
Mono: successfully reloaded assembly
- Completed reload, in  1.765 seconds
Domain Reload Profiling:
	ReloadAssembly (1766ms)
		BeginReloadAssembly (160ms)
			ExecutionOrderSort (0ms)
			DisableScriptedObjects (8ms)
			BackupInstance (0ms)
			ReleaseScriptingObjects (0ms)
			CreateAndSetChildDomain (55ms)
		EndReloadAssembly (1513ms)
			LoadAssemblies (129ms)
			RebuildTransferFunctionScriptingTraits (0ms)
			SetupTypeCache (525ms)
			ReleaseScriptCaches (2ms)
			RebuildScriptCaches (91ms)
			SetupLoadedEditorAssemblies (537ms)
				LogAssemblyErrors (0ms)
				InitializePlatformSupportModulesInManaged (6ms)
				SetLoadedEditorAssemblies (1ms)
				RefreshPlugins (1ms)
				BeforeProcessingInitializeOnLoad (130ms)
				ProcessInitializeOnLoadAttributes (374ms)
				ProcessInitializeOnLoadMethodAttributes (16ms)
				AfterProcessingInitializeOnLoad (9ms)
				EditorAssembliesLoaded (0ms)
			ExecutionOrderSort2 (0ms)
			AwakeInstancesAfterBackupRestoration (21ms)
Platform modules already initialized, skipping
Refreshing native plugins compatible for Editor in 1.56 ms, found 2 plugins.
Preloading 0 native plugins for Editor in 0.00 ms.
Unloading 4403 Unused Serialized files (Serialized files now loaded: 0)
System memory in use before: 202.0 MB.
System memory in use after: 202.2 MB.

Unloading 19 unused Assets to reduce memory usage. Loaded Objects now: 5285.
Total: 5.111100 ms (FindLiveObjects: 0.410100 ms CreateObjectMapping: 0.141900 ms MarkObjects: 4.532900 ms  DeleteObjects: 0.024400 ms)

AssetImportParameters requested are different than current active one (requested -> active):
  custom:framework-win-MediaFoundation: 216162199b28c13a410421893ffa2e32 -> 
  custom:video-decoder-ogg-theora: a1e56fd34408186e4bbccfd4996cb3dc -> 
  custom:container-muxer-webm: aa71ff27fc2769a1b78a27578f13a17b -> 
  custom:container-demuxer-webm: 4f35f7cbe854078d1ac9338744f61a02 -> 
  custom:container-demuxer-ogg: 62fdf1f143b41e24485cea50d1cbac27 -> 
  custom:video-encoder-webm-vp8: eb34c28f22e8b96e1ab97ce403110664 -> 
  custom:video-codec-MediaFoundation-h265: 746d11721c4dcdbdad8f713fa42b33f4 -> 
  custom:video-decoder-webm-vp8: 9c59270c3fd7afecdb556c50c9e8de78 -> 
  custom:audio-decoder-ogg-vorbis: bf7c407c2cedff20999df2af8eb42d56 -> 
  custom:audio-encoder-webm-vorbis: bf7c407c2cedff20999df2af8eb42d56 -> 
========================================================================
Received Prepare
Registering precompiled user dll's ...
Registered in 0.008360 seconds.
Begin MonoManager ReloadAssembly
Native extension for WindowsStandalone target not found
Native extension for WebGL target not found
Refreshing native plugins compatible for Editor in 1.47 ms, found 2 plugins.
Preloading 0 native plugins for Editor in 0.00 ms.
Mono: successfully reloaded assembly
- Completed reload, in  1.738 seconds
Domain Reload Profiling:
	ReloadAssembly (1739ms)
		BeginReloadAssembly (187ms)
			ExecutionOrderSort (0ms)
			DisableScriptedObjects (29ms)
			BackupInstance (0ms)
			ReleaseScriptingObjects (0ms)
			CreateAndSetChildDomain (61ms)
		EndReloadAssembly (1471ms)
			LoadAssemblies (123ms)
			RebuildTransferFunctionScriptingTraits (0ms)
			SetupTypeCache (486ms)
			ReleaseScriptCaches (2ms)
			RebuildScriptCaches (86ms)
			SetupLoadedEditorAssemblies (555ms)
				LogAssemblyErrors (0ms)
				InitializePlatformSupportModulesInManaged (6ms)
				SetLoadedEditorAssemblies (1ms)
				RefreshPlugins (2ms)
				BeforeProcessingInitializeOnLoad (122ms)
				ProcessInitializeOnLoadAttributes (400ms)
				ProcessInitializeOnLoadMethodAttributes (16ms)
				AfterProcessingInitializeOnLoad (8ms)
				EditorAssembliesLoaded (0ms)
			ExecutionOrderSort2 (0ms)
			AwakeInstancesAfterBackupRestoration (22ms)
Platform modules already initialized, skipping
Refreshing native plugins compatible for Editor in 1.46 ms, found 2 plugins.
Preloading 0 native plugins for Editor in 0.00 ms.
Unloading 4439 Unused Serialized files (Serialized files now loaded: 0)
System memory in use before: 208.8 MB.
System memory in use after: 205.2 MB.

Unloading 33 unused Assets to reduce memory usage. Loaded Objects now: 5309.
Total: 6.517300 ms (FindLiveObjects: 0.455300 ms CreateObjectMapping: 0.143400 ms MarkObjects: 4.098600 ms  DeleteObjects: 1.817700 ms)

AssetImportParameters requested are different than current active one (requested -> active):
  custom:framework-win-MediaFoundation: 216162199b28c13a410421893ffa2e32 -> 
  custom:video-decoder-ogg-theora: a1e56fd34408186e4bbccfd4996cb3dc -> 
  custom:container-muxer-webm: aa71ff27fc2769a1b78a27578f13a17b -> 
  custom:container-demuxer-webm: 4f35f7cbe854078d1ac9338744f61a02 -> 
  custom:container-demuxer-ogg: 62fdf1f143b41e24485cea50d1cbac27 -> 
  custom:video-encoder-webm-vp8: eb34c28f22e8b96e1ab97ce403110664 -> 
  custom:video-codec-MediaFoundation-h265: 746d11721c4dcdbdad8f713fa42b33f4 -> 
  custom:video-decoder-webm-vp8: 9c59270c3fd7afecdb556c50c9e8de78 -> 
  custom:audio-decoder-ogg-vorbis: bf7c407c2cedff20999df2af8eb42d56 -> 
  custom:audio-encoder-webm-vorbis: bf7c407c2cedff20999df2af8eb42d56 -> 
========================================================================
Received Import Request.
  Time since last request: 1348.119474 seconds.
  path: Assets/SampleSceneAssets/Settings/Volumes/CinematicPhysicalCamera.asset
  artifactKey: Guid(59a34a3881431c246b3564a0f0ca5bb0) Importer(815301076,1909f56bfc062723c751e8b465ee728b)
Start importing Assets/SampleSceneAssets/Settings/Volumes/CinematicPhysicalCamera.asset using Guid(59a34a3881431c246b3564a0f0ca5bb0) Importer(815301076,1909f56bfc062723c751e8b465ee728b)  -> (artifact id: '6ea03636a1b5be420a45d9a472fb12f2') in 0.077879 seconds 
  Import took 0.086766 seconds .

========================================================================
Received Import Request.
  Time since last request: 0.000184 seconds.
  path: Assets/SkyMaster/HDRP Settings/SampleSceneRenderingSettings 1.asset
  artifactKey: Guid(37c25ae6006e4a446846de8a851f4dca) Importer(815301076,1909f56bfc062723c751e8b465ee728b)
Start importing Assets/SkyMaster/HDRP Settings/SampleSceneRenderingSettings 1.asset using Guid(37c25ae6006e4a446846de8a851f4dca) Importer(815301076,1909f56bfc062723c751e8b465ee728b)  -> (artifact id: '05d8ab856876d29a7de11a04a004d520') in 0.018328 seconds 
  Import took 0.026055 seconds .

========================================================================
Received Import Request.
  Time since last request: 0.000202 seconds.
  path: Assets/SkyMaster/HDRP Settings/SampleSceneRenderingSettings 6 GROUND VORT BEAMS.asset
  artifactKey: Guid(a2127c4214fc4d24f8d70610ca1f533a) Importer(815301076,1909f56bfc062723c751e8b465ee728b)
Start importing Assets/SkyMaster/HDRP Settings/SampleSceneRenderingSettings 6 GROUND VORT BEAMS.asset using Guid(a2127c4214fc4d24f8d70610ca1f533a) Importer(815301076,1909f56bfc062723c751e8b465ee728b)  -> (artifact id: '3fddcf533a761dc9049545c6a19e7c12') in 0.029379 seconds 
  Import took 0.037779 seconds .

========================================================================
Received Import Request.
  Time since last request: 0.000177 seconds.
  path: Assets/SkyMaster/Assets/Sample HDRP Settings/VolumeSettings_Baking.asset
  artifactKey: Guid(112daeb737097bd42b9690c053885531) Importer(815301076,1909f56bfc062723c751e8b465ee728b)
Start importing Assets/SkyMaster/Assets/Sample HDRP Settings/VolumeSettings_Baking.asset using Guid(112daeb737097bd42b9690c053885531) Importer(815301076,1909f56bfc062723c751e8b465ee728b)  -> (artifact id: 'dccbb03f167fe29158cf404546ba72f0') in 0.014158 seconds 
  Import took 0.022116 seconds .

========================================================================
Received Import Request.
  Time since last request: 0.000165 seconds.
  path: Assets/SampleSceneAssets/Settings/Volumes/VolumeRoom1.asset
  artifactKey: Guid(bd6d234073408c44ca3828113aac655e) Importer(815301076,1909f56bfc062723c751e8b465ee728b)
Start importing Assets/SampleSceneAssets/Settings/Volumes/VolumeRoom1.asset using Guid(bd6d234073408c44ca3828113aac655e) Importer(815301076,1909f56bfc062723c751e8b465ee728b)  -> (artifact id: '458519e53dc6e496217d5aaadbfdc0e8') in 0.011815 seconds 
  Import took 0.020036 seconds .

========================================================================
Received Import Request.
  Time since last request: 0.000186 seconds.
  path: Assets/SampleSceneAssets/Settings/Volumes/VolumeGlobal.asset
  artifactKey: Guid(7f342610b85f4164f808a1f380dcc668) Importer(815301076,1909f56bfc062723c751e8b465ee728b)
Start importing Assets/SampleSceneAssets/Settings/Volumes/VolumeGlobal.asset using Guid(7f342610b85f4164f808a1f380dcc668) Importer(815301076,1909f56bfc062723c751e8b465ee728b)  -> (artifact id: '93cd5810acb621d3d15a3d6997071fa0') in 0.012752 seconds 
  Import took 0.021375 seconds .

========================================================================
Received Import Request.
  Time since last request: 0.000191 seconds.
  path: Assets/SampleSceneAssets/Settings/Volumes/VolumeRoom3Sitting.asset
  artifactKey: Guid(7bca3a07cdd522c4c8020832c20b3eae) Importer(815301076,1909f56bfc062723c751e8b465ee728b)
Start importing Assets/SampleSceneAssets/Settings/Volumes/VolumeRoom3Sitting.asset using Guid(7bca3a07cdd522c4c8020832c20b3eae) Importer(815301076,1909f56bfc062723c751e8b465ee728b)  -> (artifact id: '22fb27256b34a128f69430fe279cf012') in 0.010425 seconds 
  Import took 0.018691 seconds .

========================================================================
Received Import Request.
  Time since last request: 0.000216 seconds.
  path: Assets/SampleSceneAssets/Settings/Volumes/VolumeRoom3Corridor.asset
  artifactKey: Guid(1584bf21cf81d5147aa00e8a2deaf2fb) Importer(815301076,1909f56bfc062723c751e8b465ee728b)
Start importing Assets/SampleSceneAssets/Settings/Volumes/VolumeRoom3Corridor.asset using Guid(1584bf21cf81d5147aa00e8a2deaf2fb) Importer(815301076,1909f56bfc062723c751e8b465ee728b)  -> (artifact id: 'd3e86df56ab9daf9f14946a84d34a773') in 0.057537 seconds 
  Import took 0.065743 seconds .

========================================================================
Received Import Request.
  Time since last request: 0.000201 seconds.
  path: Assets/SkyMaster/HDRP Settings/SampleSceneRenderingSettings.asset
  artifactKey: Guid(dab0766de4a4b5349b80ce1a86555414) Importer(815301076,1909f56bfc062723c751e8b465ee728b)
Start importing Assets/SkyMaster/HDRP Settings/SampleSceneRenderingSettings.asset using Guid(dab0766de4a4b5349b80ce1a86555414) Importer(815301076,1909f56bfc062723c751e8b465ee728b)  -> (artifact id: '7f1cc5c80334ae6c43636200ae700a10') in 0.011259 seconds 
  Import took 0.019663 seconds .

========================================================================
Received Import Request.
  Time since last request: 0.000205 seconds.
  path: Assets/SampleSceneAssets/Settings/Volumes/VolumeRoom2Skylight.asset
  artifactKey: Guid(5727d3e07f75c3744b6cc8a1e55850a9) Importer(815301076,1909f56bfc062723c751e8b465ee728b)
Start importing Assets/SampleSceneAssets/Settings/Volumes/VolumeRoom2Skylight.asset using Guid(5727d3e07f75c3744b6cc8a1e55850a9) Importer(815301076,1909f56bfc062723c751e8b465ee728b)  -> (artifact id: '0777b488bcf38b347edf8647ef9fe4a2') in 0.011142 seconds 
  Import took 0.019060 seconds .

========================================================================
Received Import Request.
  Time since last request: 0.000236 seconds.
  path: Assets/SampleSceneAssets/Settings/Volumes/VolumeRoom3.asset
  artifactKey: Guid(06114ad16a0bc0a41957375ac3bf472e) Importer(815301076,1909f56bfc062723c751e8b465ee728b)
Start importing Assets/SampleSceneAssets/Settings/Volumes/VolumeRoom3.asset using Guid(06114ad16a0bc0a41957375ac3bf472e) Importer(815301076,1909f56bfc062723c751e8b465ee728b)  -> (artifact id: '8b17a332f555267ca7ffa7e5c3ee558f') in 0.019167 seconds 
  Import took 0.027495 seconds .

========================================================================
Received Import Request.
  Time since last request: 0.000215 seconds.
  path: Assets/SkyMaster/HDRP Settings/SampleSceneRenderingSettings 5 SCRIPTLESS.asset
  artifactKey: Guid(6efc07ba85823d44389feeb32ebd1dc6) Importer(815301076,1909f56bfc062723c751e8b465ee728b)
Start importing Assets/SkyMaster/HDRP Settings/SampleSceneRenderingSettings 5 SCRIPTLESS.asset using Guid(6efc07ba85823d44389feeb32ebd1dc6) Importer(815301076,1909f56bfc062723c751e8b465ee728b)  -> (artifact id: 'dfb5cb6b3725c9a1a93dbcfe3fc5b09f') in 0.011998 seconds 
  Import took 0.020677 seconds .

========================================================================
Received Import Request.
  Time since last request: 0.000205 seconds.
  path: Assets/SkyMaster/Assets/Sample HDRP Settings/VolumeSettings 2.asset
  artifactKey: Guid(85dc803f2c042a24bb41997750041a2f) Importer(815301076,1909f56bfc062723c751e8b465ee728b)
Start importing Assets/SkyMaster/Assets/Sample HDRP Settings/VolumeSettings 2.asset using Guid(85dc803f2c042a24bb41997750041a2f) Importer(815301076,1909f56bfc062723c751e8b465ee728b)  -> (artifact id: '82fbc3ec86fe8accfb8db24ca912d587') in 0.012044 seconds 
  Import took 0.019984 seconds .

========================================================================
Received Import Request.
  Time since last request: 0.000181 seconds.
  path: Assets/SkyMaster/Assets/Sample HDRP Settings/VolumeSettings.asset
  artifactKey: Guid(88d284c99a252c24c8717a3882f8c107) Importer(815301076,1909f56bfc062723c751e8b465ee728b)
Start importing Assets/SkyMaster/Assets/Sample HDRP Settings/VolumeSettings.asset using Guid(88d284c99a252c24c8717a3882f8c107) Importer(815301076,1909f56bfc062723c751e8b465ee728b)  -> (artifact id: 'ff32bb21d95ed0c357d6872d6e6f1b13') in 2.010582 seconds 
  Import took 2.018763 seconds .

========================================================================
Received Import Request.
  Time since last request: 0.000213 seconds.
  path: Assets/SkyMaster/HDRP Settings/SampleSceneRenderingSettings 3.asset
  artifactKey: Guid(f897db79b90df924f946b3e34534b754) Importer(815301076,1909f56bfc062723c751e8b465ee728b)
Start importing Assets/SkyMaster/HDRP Settings/SampleSceneRenderingSettings 3.asset using Guid(f897db79b90df924f946b3e34534b754) Importer(815301076,1909f56bfc062723c751e8b465ee728b)  -> (artifact id: 'fe2b9c8a8a3b21c77e05b03a18a31147') in 0.016517 seconds 
  Import took 0.024986 seconds .

========================================================================
Received Import Request.
  Time since last request: 0.000178 seconds.
  path: Assets/SampleSceneAssets/Settings/Volumes/VolumeRoom2.asset
  artifactKey: Guid(d78a1b031ab26034eb6ec3cbc9fbcec3) Importer(815301076,1909f56bfc062723c751e8b465ee728b)
Start importing Assets/SampleSceneAssets/Settings/Volumes/VolumeRoom2.asset using Guid(d78a1b031ab26034eb6ec3cbc9fbcec3) Importer(815301076,1909f56bfc062723c751e8b465ee728b)  -> (artifact id: 'b68ae2e773a8c8d9120c93ef72172df1') in 0.030455 seconds 
  Import took 0.038493 seconds .

========================================================================
Received Import Request.
  Time since last request: 0.000183 seconds.
  path: Assets/SkyMaster/HDRP Settings/SampleSceneRenderingSettings 2.asset
  artifactKey: Guid(dd796ff1a5ca16e4e85af21733e2aa25) Importer(815301076,1909f56bfc062723c751e8b465ee728b)
Start importing Assets/SkyMaster/HDRP Settings/SampleSceneRenderingSettings 2.asset using Guid(dd796ff1a5ca16e4e85af21733e2aa25) Importer(815301076,1909f56bfc062723c751e8b465ee728b)  -> (artifact id: 'fe1d8ef54e2bdf49c74e281ca0da2af1') in 0.011378 seconds 
  Import took 0.019287 seconds .

========================================================================
Received Import Request.
  Time since last request: 0.000197 seconds.
  path: Assets/SampleSceneAssets/Settings/Volumes/ScreenshotsTimelineProfile.asset
  artifactKey: Guid(03bc34b71695890468eb021c73b228db) Importer(815301076,1909f56bfc062723c751e8b465ee728b)
Start importing Assets/SampleSceneAssets/Settings/Volumes/ScreenshotsTimelineProfile.asset using Guid(03bc34b71695890468eb021c73b228db) Importer(815301076,1909f56bfc062723c751e8b465ee728b)  -> (artifact id: '030570410d9306bcaf140d6f2dc7487f') in 0.010785 seconds 
  Import took 0.018880 seconds .

========================================================================
Received Import Request.
  Time since last request: 0.000230 seconds.
  path: Assets/SkyMaster/Assets/Sample HDRP Settings/VolumeSettings 1.asset
  artifactKey: Guid(7ebfbfee5c5e4be489098376bfabda26) Importer(815301076,1909f56bfc062723c751e8b465ee728b)
Start importing Assets/SkyMaster/Assets/Sample HDRP Settings/VolumeSettings 1.asset using Guid(7ebfbfee5c5e4be489098376bfabda26) Importer(815301076,1909f56bfc062723c751e8b465ee728b)  -> (artifact id: 'f548187b584e69f2d43cd637e7ed452b') in 0.011616 seconds 
  Import took 0.019593 seconds .

========================================================================
Received Import Request.
  Time since last request: 0.000248 seconds.
  path: Assets/SkyMaster/HDRP Settings/SampleScenePostProcessingSettings.asset
  artifactKey: Guid(183cbd347d25080429f42b520742bbd8) Importer(815301076,1909f56bfc062723c751e8b465ee728b)
Start importing Assets/SkyMaster/HDRP Settings/SampleScenePostProcessingSettings.asset using Guid(183cbd347d25080429f42b520742bbd8) Importer(815301076,1909f56bfc062723c751e8b465ee728b)  -> (artifact id: '29946f23d6ca59ae3e8bfe722767024a') in 0.010771 seconds 
  Import took 0.019218 seconds .

========================================================================
Received Import Request.
  Time since last request: 0.000227 seconds.
  path: Assets/SkyMaster/HDRP Settings/SampleSceneRenderingSettings 6 GROUND VORT BEAMS THICK.asset
  artifactKey: Guid(851ffdec473588a4ca323de2d3330e35) Importer(815301076,1909f56bfc062723c751e8b465ee728b)
Start importing Assets/SkyMaster/HDRP Settings/SampleSceneRenderingSettings 6 GROUND VORT BEAMS THICK.asset using Guid(851ffdec473588a4ca323de2d3330e35) Importer(815301076,1909f56bfc062723c751e8b465ee728b)  -> (artifact id: 'b692592c7fa62417061248aab69f3ce6') in 0.019051 seconds 
  Import took 0.027040 seconds .

========================================================================
Received Import Request.
  Time since last request: 0.000197 seconds.
  path: Assets/ARTnGAME/SkyMasterHDRP/OCEANIS HDRP WATER/HDRP SETTINGS Oceanis/Settings/SampleScenePostProcessingSettings 15 top down small scale.asset
  artifactKey: Guid(7520de464b1fa5741a4221bf033c91e6) Importer(815301076,1909f56bfc062723c751e8b465ee728b)
Start importing Assets/ARTnGAME/SkyMasterHDRP/OCEANIS HDRP WATER/HDRP SETTINGS Oceanis/Settings/SampleScenePostProcessingSettings 15 top down small scale.asset using Guid(7520de464b1fa5741a4221bf033c91e6) Importer(815301076,1909f56bfc062723c751e8b465ee728b)  -> (artifact id: '8b9ab029ed264f2c56ec400a341b6faa') in 0.012938 seconds 
  Import took 0.021047 seconds .

========================================================================
Received Import Request.
  Time since last request: 0.000214 seconds.
  path: Assets/SkyMaster/HDRP Settings/SampleSceneRenderingSettings 4.asset
  artifactKey: Guid(d48b1de3ae095ad478f693bc0c424bfb) Importer(815301076,1909f56bfc062723c751e8b465ee728b)
Start importing Assets/SkyMaster/HDRP Settings/SampleSceneRenderingSettings 4.asset using Guid(d48b1de3ae095ad478f693bc0c424bfb) Importer(815301076,1909f56bfc062723c751e8b465ee728b)  -> (artifact id: 'abb091c09655ac4dc09b7d6e3ae63df9') in 0.012597 seconds 
  Import took 0.020704 seconds .

========================================================================
Received Import Request.
  Time since last request: 57.024686 seconds.
  path: Assets/HDRPDefaultResources/DefaultHDRISky.exr
  artifactKey: Guid(54a3a0570aebe8949bec4966f1376581) Importer(815301076,1909f56bfc062723c751e8b465ee728b)
Start importing Assets/HDRPDefaultResources/DefaultHDRISky.exr using Guid(54a3a0570aebe8949bec4966f1376581) Importer(815301076,1909f56bfc062723c751e8b465ee728b)  -> (artifact id: '1b574980b9275bed72a46f0a1c39b55a') in 4.106245 seconds 
  Import took 4.114716 seconds .

